[debug] [2022-11-04T05:47:52.727Z] ----------------------------------------------------------------------
[debug] [2022-11-04T05:47:52.729Z] Command:       C:\Program Files\nodejs\node.exe C:\Users\MSI at CTS\AppData\Roaming\npm\node_modules\firebase-tools\lib\bin\firebase.js init
[debug] [2022-11-04T05:47:52.729Z] CLI Version:   11.15.0
[debug] [2022-11-04T05:47:52.729Z] Platform:      win32
[debug] [2022-11-04T05:47:52.729Z] Node Version:  v16.13.2
[debug] [2022-11-04T05:47:52.730Z] Time:          Fri Nov 04 2022 12:47:52 GMT+0700 (Indochina Time)
[debug] [2022-11-04T05:47:52.731Z] ----------------------------------------------------------------------
[debug] 
[debug] [2022-11-04T05:47:52.734Z] >>> [apiv2][query] GET https://firebase-public.firebaseio.com/cli.json [none]
[debug] [2022-11-04T05:47:52.755Z] > command requires scopes: ["email","openid","https://www.googleapis.com/auth/cloudplatformprojects.readonly","https://www.googleapis.com/auth/firebase","https://www.googleapis.com/auth/cloud-platform"]
[debug] [2022-11-04T05:47:52.755Z] > authorizing via signed-in user (lhour999@gmail.com)
[info] 
     ######## #### ########  ######## ########     ###     ######  ########
     ##        ##  ##     ## ##       ##     ##  ##   ##  ##       ##
     ######    ##  ########  ######   ########  #########  ######  ######
     ##        ##  ##    ##  ##       ##     ## ##     ##       ## ##
     ##       #### ##     ## ######## ########  ##     ##  ######  ########

You're about to initialize a Firebase project in this directory:

  D:\crud-with-axios-main\crud-with-axios-main

[debug] [2022-11-04T05:47:53.478Z] <<< [apiv2][status] GET https://firebase-public.firebaseio.com/cli.json 200
[debug] [2022-11-04T05:47:53.478Z] <<< [apiv2][body] GET https://firebase-public.firebaseio.com/cli.json {"cloudBuildErrorAfter":1594252800000,"cloudBuildWarnAfter":1590019200000,"defaultNode10After":1594252800000,"minVersion":"3.0.5","node8DeploysDisabledAfter":1613390400000,"node8RuntimeDisabledAfter":1615809600000,"node8WarnAfter":1600128000000}
[info] 
=== Project Setup
[info] 
[info] First, let's associate this project directory with a Firebase project.
[info] You can create multiple project aliases by running firebase use --add, 
[info] but for now we'll just set up a default project.
[info] 
[debug] [2022-11-04T05:48:06.326Z] > refreshing access token with scopes: []
[debug] [2022-11-04T05:48:06.327Z] >>> [apiv2][query] POST https://www.googleapis.com/oauth2/v3/token [none]
[debug] [2022-11-04T05:48:06.327Z] >>> [apiv2][body] POST https://www.googleapis.com/oauth2/v3/token [omitted]
[debug] [2022-11-04T05:48:07.587Z] <<< [apiv2][status] POST https://www.googleapis.com/oauth2/v3/token 200
[debug] [2022-11-04T05:48:07.587Z] <<< [apiv2][body] POST https://www.googleapis.com/oauth2/v3/token [omitted]
[debug] [2022-11-04T05:48:07.596Z] >>> [apiv2][query] GET https://firebase.googleapis.com/v1beta1/projects pageSize=100
[debug] [2022-11-04T05:48:08.702Z] <<< [apiv2][status] GET https://firebase.googleapis.com/v1beta1/projects 200
[debug] [2022-11-04T05:48:08.703Z] <<< [apiv2][body] GET https://firebase.googleapis.com/v1beta1/projects [omitted]
[debug] [2022-11-04T05:52:53.952Z] ----------------------------------------------------------------------
[debug] [2022-11-04T05:52:53.954Z] Command:       C:\Program Files\nodejs\node.exe C:\Users\MSI at CTS\AppData\Roaming\npm\node_modules\firebase-tools\lib\bin\firebase.js init
[debug] [2022-11-04T05:52:53.955Z] CLI Version:   11.15.0
[debug] [2022-11-04T05:52:53.955Z] Platform:      win32
[debug] [2022-11-04T05:52:53.955Z] Node Version:  v16.13.2
[debug] [2022-11-04T05:52:53.956Z] Time:          Fri Nov 04 2022 12:52:53 GMT+0700 (Indochina Time)
[debug] [2022-11-04T05:52:53.956Z] ----------------------------------------------------------------------
[debug] 
[debug] [2022-11-04T05:52:53.964Z] > command requires scopes: ["email","openid","https://www.googleapis.com/auth/cloudplatformprojects.readonly","https://www.googleapis.com/auth/firebase","https://www.googleapis.com/auth/cloud-platform"]
[debug] [2022-11-04T05:52:53.965Z] > authorizing via signed-in user (lhour999@gmail.com)
[info] 
     ######## #### ########  ######## ########     ###     ######  ########
     ##        ##  ##     ## ##       ##     ##  ##   ##  ##       ##
     ######    ##  ########  ######   ########  #########  ######  ######
     ##        ##  ##    ##  ##       ##     ## ##     ##       ## ##
     ##       #### ##     ## ######## ########  ##     ##  ######  ########

You're about to initialize a Firebase project in this directory:

  D:\crud-with-axios-main\crud-with-axios-main

[info] 
=== Project Setup
[info] 
[info] First, let's associate this project directory with a Firebase project.
[info] You can create multiple project aliases by running firebase use --add, 
[info] but for now we'll just set up a default project.
[info] 
[debug] [2022-11-04T05:52:59.855Z] >>> [apiv2][query] GET https://firebase.googleapis.com/v1beta1/projects pageSize=100
[debug] [2022-11-04T05:53:01.128Z] <<< [apiv2][status] GET https://firebase.googleapis.com/v1beta1/projects 200
[debug] [2022-11-04T05:53:01.129Z] <<< [apiv2][body] GET https://firebase.googleapis.com/v1beta1/projects [omitted]
[debug] [2022-11-04T05:54:05.663Z] ----------------------------------------------------------------------
[debug] [2022-11-04T05:54:05.665Z] Command:       C:\Program Files\nodejs\node.exe C:\Users\MSI at CTS\AppData\Roaming\npm\node_modules\firebase-tools\lib\bin\firebase.js init
[debug] [2022-11-04T05:54:05.665Z] CLI Version:   11.15.0
[debug] [2022-11-04T05:54:05.666Z] Platform:      win32
[debug] [2022-11-04T05:54:05.666Z] Node Version:  v16.13.2
[debug] [2022-11-04T05:54:05.667Z] Time:          Fri Nov 04 2022 12:54:05 GMT+0700 (Indochina Time)
[debug] [2022-11-04T05:54:05.667Z] ----------------------------------------------------------------------
[debug] 
[debug] [2022-11-04T05:54:05.675Z] > command requires scopes: ["email","openid","https://www.googleapis.com/auth/cloudplatformprojects.readonly","https://www.googleapis.com/auth/firebase","https://www.googleapis.com/auth/cloud-platform"]
[debug] [2022-11-04T05:54:05.675Z] > authorizing via signed-in user (lhour999@gmail.com)
[info] 
     ######## #### ########  ######## ########     ###     ######  ########
     ##        ##  ##     ## ##       ##     ##  ##   ##  ##       ##
     ######    ##  ########  ######   ########  #########  ######  ######
     ##        ##  ##    ##  ##       ##     ## ##     ##       ## ##
     ##       #### ##     ## ######## ########  ##     ##  ######  ########

You're about to initialize a Firebase project in this directory:

  D:\crud-with-axios-main\crud-with-axios-main

[info] 
=== Project Setup
[info] 
[info] First, let's associate this project directory with a Firebase project.
[info] You can create multiple project aliases by running firebase use --add, 
[info] but for now we'll just set up a default project.
[info] 
[debug] [2022-11-04T05:54:14.375Z] >>> [apiv2][query] GET https://firebase.googleapis.com/v1beta1/projects pageSize=100
[debug] [2022-11-04T05:54:15.247Z] <<< [apiv2][status] GET https://firebase.googleapis.com/v1beta1/projects 200
[debug] [2022-11-04T05:54:15.248Z] <<< [apiv2][body] GET https://firebase.googleapis.com/v1beta1/projects [omitted]
[info] i  Using project contact-with-react-router-v6-4 (contact-with-react-router-v6-4) 
[info] 
=== Hosting Setup
[info] 
[info] Your public directory is the folder (relative to your project directory) that
[info] will contain Hosting assets to be uploaded with firebase deploy. If you
[info] have a build process for your assets, use your build's output directory.
[info] 
